<?xml version="1.0" encoding="UTF-8"?>
<testng-results skipped="0" failed="0" ignored="0" total="1" passed="1">
  <reporter-output>
  </reporter-output>
  <suite name="Default suite" duration-ms="54096" started-at="2020-06-27T09:18:46Z" finished-at="2020-06-27T09:19:40Z">
    <groups>
    </groups>
    <test name="Default test" duration-ms="54096" started-at="2020-06-27T09:18:46Z" finished-at="2020-06-27T09:19:40Z">
      <class name="remoteRepoGITJNKS.Project1">
        <test-method status="PASS" signature="setUP()[pri:0, instance:remoteRepoGITJNKS.Project1@18e2e41]" name="setUP" is-config="true" duration-ms="38461" started-at="2020-06-27T09:18:46Z" finished-at="2020-06-27T09:19:24Z">
          <reporter-output>
          </reporter-output>
        </test-method> <!-- setUP -->
        <test-method status="PASS" signature="doLogin()[pri:0, instance:remoteRepoGITJNKS.Project1@18e2e41]" name="doLogin" duration-ms="12343" started-at="2020-06-27T09:19:24Z" finished-at="2020-06-27T09:19:37Z">
          <reporter-output>
          </reporter-output>
        </test-method> <!-- doLogin -->
        <test-method status="PASS" signature="closeBrowser()[pri:0, instance:remoteRepoGITJNKS.Project1@18e2e41]" name="closeBrowser" is-config="true" duration-ms="3249" started-at="2020-06-27T09:19:37Z" finished-at="2020-06-27T09:19:40Z">
          <reporter-output>
          </reporter-output>
        </test-method> <!-- closeBrowser -->
      </class> <!-- remoteRepoGITJNKS.Project1 -->
    </test> <!-- Default test -->
  </suite> <!-- Default suite -->
</testng-results>
